<?xml version="1.0" encoding="UTF-8"?>
<!-- Generated by org.testng.reporters.JUnitReportReporter -->
<testsuite hostname="LAPTOP-BMP6N64A" failures="0" tests="1" name="testscripts.ManageContactsTest" time="5.469" errors="0" timestamp="2025-07-28T11:53:02 IST" skipped="0">
  <testcase classname="testscripts.ManageContactsTest" name="verifyUpdatingExistingContacts" time="5.469"/>
</testsuite> <!-- testscripts.ManageContactsTest -->
