<?xml version="1.0" encoding="UTF-8"?>
<!-- Generated by org.testng.reporters.JUnitReportReporter -->
<testsuite hostname="LAPTOP-BMP6N64A" failures="0" tests="3" name="testscripts.ManageNewsTest" time="9.469" errors="0" timestamp="2025-07-29T11:57:35 IST" skipped="0">
  <testcase classname="testscripts.ManageNewsTest" name="verifyDeletingExistingNews" time="3.260"/>
  <testcase classname="testscripts.ManageNewsTest" name="verifySearchForExistingNews" time="2.385"/>
  <testcase classname="testscripts.ManageNewsTest" name="verifyAddNewNewsWithValidData" time="3.824"/>
</testsuite> <!-- testscripts.ManageNewsTest -->
